cl : Command line warning D9002: ignoring unknown option '-g'
cl : Command line warning D9002: ignoring unknown option '-O3'
cl : Command line warning D9002: ignoring unknown option '-std=c++0x'
  main.cpp
C:\Program Files (x86)\ZED SDK\include\sl/types.hpp(264): warning C4996: 'strncpy': This function or variable may be unsafe. Consider using strncpy_s instead. To disable deprecation, use _CRT_SECURE_NO_WARNINGS. See online help for details.
  C:\Program Files (x86)\Windows Kits\10\Include\10.0.10240.0\ucrt\string.h(346): note: see declaration of 'strncpy'
C:\Program Files (x86)\ZED SDK\include\sl/Mesh.hpp(118): warning C4251: 'sl::Mesh::vertices': class 'std::vector<sl::float3,std::allocator<_Ty>>' needs to have dll-interface to be used by clients of class 'sl::Mesh'
          with
          [
              _Ty=sl::float3
          ]
  C:\Program Files (x86)\ZED SDK\include\sl/Mesh.hpp(118): note: see declaration of 'std::vector<sl::float3,std::allocator<_Ty>>'
          with
          [
              _Ty=sl::float3
          ]
C:\Program Files (x86)\ZED SDK\include\sl/Mesh.hpp(123): warning C4251: 'sl::Mesh::triangles': class 'std::vector<sl::uint3,std::allocator<_Ty>>' needs to have dll-interface to be used by clients of class 'sl::Mesh'
          with
          [
              _Ty=sl::uint3
          ]
  C:\Program Files (x86)\ZED SDK\include\sl/Mesh.hpp(123): note: see declaration of 'std::vector<sl::uint3,std::allocator<_Ty>>'
          with
          [
              _Ty=sl::uint3
          ]
C:\Program Files (x86)\ZED SDK\include\sl/Mesh.hpp(129): warning C4251: 'sl::Mesh::normals': class 'std::vector<sl::float3,std::allocator<_Ty>>' needs to have dll-interface to be used by clients of class 'sl::Mesh'
          with
          [
              _Ty=sl::float3
          ]
  C:\Program Files (x86)\ZED SDK\include\sl/Mesh.hpp(118): note: see declaration of 'std::vector<sl::float3,std::allocator<_Ty>>'
          with
          [
              _Ty=sl::float3
          ]
C:\Program Files (x86)\ZED SDK\include\sl/Mesh.hpp(134): warning C4251: 'sl::Mesh::uv': class 'std::vector<sl::float2,std::allocator<_Ty>>' needs to have dll-interface to be used by clients of class 'sl::Mesh'
          with
          [
              _Ty=sl::float2
          ]
  C:\Program Files (x86)\ZED SDK\include\sl/Mesh.hpp(134): note: see declaration of 'std::vector<sl::float2,std::allocator<_Ty>>'
          with
          [
              _Ty=sl::float2
          ]
C:\Program Files (x86)\ZED SDK\include\sl/Mesh.hpp(151): warning C4251: 'sl::Mesh::material_indices': class 'std::vector<std::vector<sl::Mesh::Indice,std::allocator<_Ty>>,std::allocator<std::vector<_Ty,std::allocator<_Ty>>>>' needs to have dll-interface to be used by clients of class 'sl::Mesh'
          with
          [
              _Ty=sl::Mesh::Indice
          ]
  C:\Program Files (x86)\ZED SDK\include\sl/Mesh.hpp(151): note: see declaration of 'std::vector<std::vector<sl::Mesh::Indice,std::allocator<_Ty>>,std::allocator<std::vector<_Ty,std::allocator<_Ty>>>>'
          with
          [
              _Ty=sl::Mesh::Indice
          ]
C:\Program Files (x86)\ZED SDK\include\sl/Mesh.hpp(166): warning C4251: 'sl::Mesh::textures': class 'std::vector<sl::Mesh::Texture,std::allocator<_Ty>>' needs to have dll-interface to be used by clients of class 'sl::Mesh'
          with
          [
              _Ty=sl::Mesh::Texture
          ]
  C:\Program Files (x86)\ZED SDK\include\sl/Mesh.hpp(166): note: see declaration of 'std::vector<sl::Mesh::Texture,std::allocator<_Ty>>'
          with
          [
              _Ty=sl::Mesh::Texture
          ]
C:\Program Files (x86)\ZED SDK\include\sl/Mesh.hpp(211): warning C4251: 'sl::Mesh::im_pool': class 'sl::TextureImagePool' needs to have dll-interface to be used by clients of class 'sl::Mesh'
  C:\Program Files (x86)\ZED SDK\include\sl/Core.hpp(964): note: see declaration of 'sl::TextureImagePool'
C:\Program Files (x86)\ZED SDK\include\sl/Camera.hpp(108): warning C4251: 'sl::InitParameters::svo_input_filename': class 'sl::String' needs to have dll-interface to be used by clients of class 'sl::InitParameters'
  C:\Program Files (x86)\ZED SDK\include\sl/types.hpp(245): note: see declaration of 'sl::String'
C:\Program Files (x86)\ZED SDK\include\sl/Camera.hpp(292): warning C4251: 'sl::TrackingParameters::initial_world_transform': class 'sl::Transform' needs to have dll-interface to be used by clients of class 'sl::TrackingParameters'
  C:\Program Files (x86)\ZED SDK\include\sl/Core.hpp(859): note: see declaration of 'sl::Transform'
C:\Program Files (x86)\ZED SDK\include\sl/Camera.hpp(309): warning C4251: 'sl::TrackingParameters::area_file_path': class 'sl::String' needs to have dll-interface to be used by clients of class 'sl::TrackingParameters'
  C:\Program Files (x86)\ZED SDK\include\sl/types.hpp(245): note: see declaration of 'sl::String'
C:\Program Files (x86)\ZED SDK\include\sl/Camera.hpp(457): warning C4251: 'sl::SpatialMappingParameters::allowed_min': struct 'std::pair<float,float>' needs to have dll-interface to be used by clients of class 'sl::SpatialMappingParameters'
  C:\Program Files (x86)\ZED SDK\include\sl/Camera.hpp(343): note: see declaration of 'std::pair<float,float>'
C:\Program Files (x86)\ZED SDK\include\sl/Camera.hpp(462): warning C4251: 'sl::SpatialMappingParameters::allowed_max': struct 'std::pair<float,float>' needs to have dll-interface to be used by clients of class 'sl::SpatialMappingParameters'
  C:\Program Files (x86)\ZED SDK\include\sl/Camera.hpp(343): note: see declaration of 'std::pair<float,float>'
C:\Program Files (x86)\ZED SDK\include\sl/Camera.hpp(471): warning C4251: 'sl::SpatialMappingParameters::range_meter': struct 'std::pair<float,float>' needs to have dll-interface to be used by clients of class 'sl::SpatialMappingParameters'
  C:\Program Files (x86)\ZED SDK\include\sl/Camera.hpp(343): note: see declaration of 'std::pair<float,float>'
C:\Program Files (x86)\ZED SDK\include\sl/Camera.hpp(476): warning C4251: 'sl::SpatialMappingParameters::allowed_resolution': struct 'std::pair<float,float>' needs to have dll-interface to be used by clients of class 'sl::SpatialMappingParameters'
  C:\Program Files (x86)\ZED SDK\include\sl/Camera.hpp(343): note: see declaration of 'std::pair<float,float>'
C:\Program Files (x86)\ZED SDK\include\sl/Camera.hpp(558): warning C4251: 'sl::Pose::pose_data': class 'sl::Transform' needs to have dll-interface to be used by clients of class 'sl::Pose'
  C:\Program Files (x86)\ZED SDK\include\sl/Core.hpp(859): note: see declaration of 'sl::Transform'
C:\GitHub\ZEDProject\src\main.cpp(43): warning C4838: conversion from 'int' to 'float' requires a narrowing conversion
C:\GitHub\ZEDProject\src\main.cpp(43): warning C4244: 'initializing': conversion from 'int' to 'float', possible loss of data
C:\GitHub\ZEDProject\src\main.cpp(44): warning C4838: conversion from 'int' to 'float' requires a narrowing conversion
C:\GitHub\ZEDProject\src\main.cpp(44): warning C4244: 'initializing': conversion from 'int' to 'float', possible loss of data
C:\GitHub\ZEDProject\src\main.cpp(338): warning C4244: '=': conversion from 'double' to 'float', possible loss of data
C:\GitHub\ZEDProject\src\main.cpp(343): warning C4244: '=': conversion from 'double' to 'int', possible loss of data
C:\GitHub\ZEDProject\src\main.cpp(346): warning C4244: '=': conversion from 'double' to 'int', possible loss of data
C:\GitHub\ZEDProject\src\main.cpp(349): warning C4244: '=': conversion from 'double' to 'int', possible loss of data
C:\GitHub\ZEDProject\src\main.cpp(352): warning C4244: '=': conversion from 'double' to 'int', possible loss of data
C:\GitHub\ZEDProject\src\main.cpp(355): warning C4244: '=': conversion from 'double' to 'int', possible loss of data
C:\GitHub\ZEDProject\src\main.cpp(358): warning C4244: '=': conversion from 'double' to 'int', possible loss of data
C:\GitHub\ZEDProject\src\main.cpp(361): warning C4244: '=': conversion from 'double' to 'int', possible loss of data
C:\GitHub\ZEDProject\src\main.cpp(364): warning C4244: '=': conversion from 'double' to 'int', possible loss of data
C:\GitHub\ZEDProject\src\main.cpp(367): warning C4244: '=': conversion from 'double' to 'int', possible loss of data
C:\GitHub\ZEDProject\src\main.cpp(370): warning C4244: '=': conversion from 'double' to 'int', possible loss of data
C:\GitHub\ZEDProject\src\main.cpp(373): warning C4244: '=': conversion from 'double' to 'int', possible loss of data
C:\GitHub\ZEDProject\src\main.cpp(376): warning C4244: '=': conversion from 'double' to 'int', possible loss of data
C:\GitHub\ZEDProject\src\main.cpp(303): warning C4996: 'localtime': This function or variable may be unsafe. Consider using localtime_s instead. To disable deprecation, use _CRT_SECURE_NO_WARNINGS. See online help for details.
  C:\Program Files (x86)\Windows Kits\10\Include\10.0.10240.0\ucrt\time.h(505): note: see declaration of 'localtime'
C:\GitHub\ZEDProject\src\main.cpp(164): warning C4101: 'largest_area': unreferenced local variable
C:\GitHub\ZEDProject\src\main.cpp(527): warning C4267: 'argument': conversion from 'size_t' to 'int', possible loss of data
  ZED_PROJECT.vcxproj -> C:\GitHub\ZEDProject\build\Release\ZED_PROJECT.exe
